# JRE version: OpenJDK Runtime Environment (8.0_212-b04) (build 1.8.0_212-release-1586-b04)
# Java VM: OpenJDK 64-Bit Server VM (25.212-b04 mixed mode windows-amd64 compressed oops)
Heap:
 PSYoungGen      total 551424K, used 428431K [0x00000000d5580000, 0x00000000fdd00000, 0x0000000100000000)
  eden space 508416K, 76% used [0x00000000d5580000,0x00000000ed2e9df0,0x00000000f4600000)
  from space 43008K, 88% used [0x00000000f4600000,0x00000000f6af9f58,0x00000000f7000000)
  to   space 47104K, 0% used [0x00000000faf00000,0x00000000faf00000,0x00000000fdd00000)
 ParOldGen       total 351744K, used 77143K [0x0000000080000000, 0x0000000095780000, 0x00000000d5580000)
  object space 351744K, 21% used [0x0000000080000000,0x0000000084b55c58,0x0000000095780000)
 Metaspace       used 110339K, capacity 116274K, committed 116480K, reserved 1150976K
  class space    used 14040K, capacity 15325K, committed 15360K, reserved 1048576K
GC Heap History (10 events):
Event: 87.232 GC heap before
{Heap before GC invocations=17 (full 3):
 PSYoungGen      total 424960K, used 174177K [0x00000000d5580000, 0x00000000f5380000, 0x0000000100000000)
  eden space 389120K, 35% used [0x00000000d5580000,0x00000000ddc98ef0,0x00000000ed180000)
  from space 35840K, 99% used [0x00000000ed180000,0x00000000ef47f690,0x00000000ef480000)
  to   space 44544K, 0% used [0x00000000f2800000,0x00000000f2800000,0x00000000f5380000)
 ParOldGen       total 229376K, used 80487K [0x0000000080000000, 0x000000008e000000, 0x00000000d5580000)
  object space 229376K, 35% used [0x0000000080000000,0x0000000084e99fd0,0x000000008e000000)
 Metaspace       used 92881K, capacity 98432K, committed 98496K, reserved 1134592K
  class space    used 12129K, capacity 13398K, committed 13440K, reserved 1048576K
Event: 87.262 GC heap after
Heap after GC invocations=17 (full 3):
 PSYoungGen      total 475648K, used 33047K [0x00000000d5580000, 0x00000000f6880000, 0x0000000100000000)
  eden space 431104K, 0% used [0x00000000d5580000,0x00000000d5580000,0x00000000efa80000)
  from space 44544K, 74% used [0x00000000f2800000,0x00000000f4845e58,0x00000000f5380000)
  to   space 46592K, 0% used [0x00000000efa80000,0x00000000efa80000,0x00000000f2800000)
 ParOldGen       total 229376K, used 91694K [0x0000000080000000, 0x000000008e000000, 0x00000000d5580000)
  object space 229376K, 39% used [0x0000000080000000,0x000000008598bb18,0x000000008e000000)
 Metaspace       used 92881K, capacity 98432K, committed 98496K, reserved 1134592K
  class space    used 12129K, capacity 13398K, committed 13440K, reserved 1048576K
}
Event: 87.262 GC heap before
{Heap before GC invocations=18 (full 4):
 PSYoungGen      total 475648K, used 33047K [0x00000000d5580000, 0x00000000f6880000, 0x0000000100000000)
  eden space 431104K, 0% used [0x00000000d5580000,0x00000000d5580000,0x00000000efa80000)
  from space 44544K, 74% used [0x00000000f2800000,0x00000000f4845e58,0x00000000f5380000)
  to   space 46592K, 0% used [0x00000000efa80000,0x00000000efa80000,0x00000000f2800000)
 ParOldGen       total 229376K, used 91694K [0x0000000080000000, 0x000000008e000000, 0x00000000d5580000)
  object space 229376K, 39% used [0x0000000080000000,0x000000008598bb18,0x000000008e000000)
 Metaspace       used 92881K, capacity 98432K, committed 98496K, reserved 1134592K
  class space    used 12129K, capacity 13398K, committed 13440K, reserved 1048576K
Event: 87.427 GC heap after
Heap after GC invocations=18 (full 4):
 PSYoungGen      total 475648K, used 0K [0x00000000d5580000, 0x00000000f6880000, 0x0000000100000000)
  eden space 431104K, 0% used [0x00000000d5580000,0x00000000d5580000,0x00000000efa80000)
  from space 44544K, 0% used [0x00000000f2800000,0x00000000f2800000,0x00000000f5380000)
  to   space 46592K, 0% used [0x00000000efa80000,0x00000000efa80000,0x00000000f2800000)
 ParOldGen       total 351744K, used 77111K [0x0000000080000000, 0x0000000095780000, 0x00000000d5580000)
  object space 351744K, 21% used [0x0000000080000000,0x0000000084b4dc58,0x0000000095780000)
 Metaspace       used 92345K, capacity 97056K, committed 98496K, reserved 1134592K
  class space    used 11961K, capacity 13076K, committed 13440K, reserved 1048576K
}
Event: 88.696 GC heap before
{Heap before GC invocations=19 (full 4):
 PSYoungGen      total 475648K, used 431104K [0x00000000d5580000, 0x00000000f6880000, 0x0000000100000000)
  eden space 431104K, 100% used [0x00000000d5580000,0x00000000efa80000,0x00000000efa80000)
  from space 44544K, 0% used [0x00000000f2800000,0x00000000f2800000,0x00000000f5380000)
  to   space 46592K, 0% used [0x00000000efa80000,0x00000000efa80000,0x00000000f2800000)
 ParOldGen       total 351744K, used 77111K [0x0000000080000000, 0x0000000095780000, 0x00000000d5580000)
  object space 351744K, 21% used [0x0000000080000000,0x0000000084b4dc58,0x0000000095780000)
 Metaspace       used 98900K, capacity 104736K, committed 104960K, reserved 1140736K
  class space    used 12928K, capacity 14214K, committed 14336K, reserved 1048576K
Event: 88.712 GC heap after
Heap after GC invocations=19 (full 4):
 PSYoungGen      total 477696K, used 17356K [0x00000000d5580000, 0x00000000fa100000, 0x0000000100000000)
  eden space 431104K, 0% used [0x00000000d5580000,0x00000000d5580000,0x00000000efa80000)
  from space 46592K, 37% used [0x00000000efa80000,0x00000000f0b73388,0x00000000f2800000)
  to   space 45056K, 0% used [0x00000000f7500000,0x00000000f7500000,0x00000000fa100000)
 ParOldGen       total 351744K, used 77119K [0x0000000080000000, 0x0000000095780000, 0x00000000d5580000)
  object space 351744K, 21% used [0x0000000080000000,0x0000000084b4fc58,0x0000000095780000)
 Metaspace       used 98900K, capacity 104736K, committed 104960K, reserved 1140736K
  class space    used 12928K, capacity 14214K, committed 14336K, reserved 1048576K
}
Event: 90.081 GC heap before
{Heap before GC invocations=20 (full 4):
 PSYoungGen      total 477696K, used 448460K [0x00000000d5580000, 0x00000000fa100000, 0x0000000100000000)
  eden space 431104K, 100% used [0x00000000d5580000,0x00000000efa80000,0x00000000efa80000)
  from space 46592K, 37% used [0x00000000efa80000,0x00000000f0b73388,0x00000000f2800000)
  to   space 45056K, 0% used [0x00000000f7500000,0x00000000f7500000,0x00000000fa100000)
 ParOldGen       total 351744K, used 77119K [0x0000000080000000, 0x0000000095780000, 0x00000000d5580000)
  object space 351744K, 21% used [0x0000000080000000,0x0000000084b4fc58,0x0000000095780000)
 Metaspace       used 101975K, capacity 107966K, committed 108032K, reserved 1142784K
  class space    used 13237K, capacity 14553K, committed 14592K, reserved 1048576K
Event: 90.094 GC heap after
Heap after GC invocations=20 (full 4):
 PSYoungGen      total 546304K, used 18503K [0x00000000d5580000, 0x00000000f9a00000, 0x0000000100000000)
  eden space 508416K, 0% used [0x00000000d5580000,0x00000000d5580000,0x00000000f4600000)
  from space 37888K, 48% used [0x00000000f7500000,0x00000000f8711c78,0x00000000f9a00000)
  to   space 43008K, 0% used [0x00000000f4600000,0x00000000f4600000,0x00000000f7000000)
 ParOldGen       total 351744K, used 77127K [0x0000000080000000, 0x0000000095780000, 0x00000000d5580000)
  object space 351744K, 21% used [0x0000000080000000,0x0000000084b51c58,0x0000000095780000)
 Metaspace       used 101975K, capacity 107966K, committed 108032K, reserved 1142784K
  class space    used 13237K, capacity 14553K, committed 14592K, reserved 1048576K
}
Event: 92.818 GC heap before
{Heap before GC invocations=21 (full 4):
 PSYoungGen      total 546304K, used 526919K [0x00000000d5580000, 0x00000000f9a00000, 0x0000000100000000)
  eden space 508416K, 100% used [0x00000000d5580000,0x00000000f4600000,0x00000000f4600000)
  from space 37888K, 48% used [0x00000000f7500000,0x00000000f8711c78,0x00000000f9a00000)
  to   space 43008K, 0% used [0x00000000f4600000,0x00000000f4600000,0x00000000f7000000)
 ParOldGen       total 351744K, used 77127K [0x0000000080000000, 0x0000000095780000, 0x00000000d5580000)
  object space 351744K, 21% used [0x0000000080000000,0x0000000084b51c58,0x0000000095780000)
 Metaspace       used 107248K, capacity 113260K, committed 113536K, reserved 1146880K
  class space    used 13819K, capacity 15132K, committed 15232K, reserved 1048576K
Event: 92.849 GC heap after
Heap after GC invocations=21 (full 4):
 PSYoungGen      total 551424K, used 37863K [0x00000000d5580000, 0x00000000fdd00000, 0x0000000100000000)
  eden space 508416K, 0% used [0x00000000d5580000,0x00000000d5580000,0x00000000f4600000)
  from space 43008K, 88% used [0x00000000f4600000,0x00000000f6af9f58,0x00000000f7000000)
  to   space 47104K, 0% used [0x00000000faf00000,0x00000000faf00000,0x00000000fdd00000)
 ParOldGen       total 351744K, used 77143K [0x0000000080000000, 0x0000000095780000, 0x00000000d5580000)
  object space 351744K, 21% used [0x0000000080000000,0x0000000084b55c58,0x0000000095780000)
 Metaspace       used 107248K, capacity 113260K, committed 113536K, reserved 1146880K
  class space    used 13819K, capacity 15132K, committed 15232K, reserved 1048576K
}

